Determining size of off64_t failed with the following output:
Change Dir: C:/Programming/My_MxM_stuff/zlib-1.2.8/CMakeFiles/CMakeTmp

Run Build Command:C:\PROGRA~2\MSBuild\12.0\Bin\MSBuild.exe cmTryCompileExec2789304792.vcxproj /p:Configuration=Debug /p:VisualStudioVersion=12.0
Microsoft (R) Build Engine version 12.0.20827.3
[Microsoft .NET Framework, version 4.0.30319.33440]
Copyright (C) Microsoft Corporation. All rights reserved.

Build started 17/09/2013 09.56.02.
Project "C:\Programming\My_MxM_stuff\zlib-1.2.8\CMakeFiles\CMakeTmp\cmTryCompileExec2789304792.vcxproj" on node 1 (default targets).
PrepareForBuild:
  Creating directory "cmTryCompileExec2789304792.dir\Debug\".
  Creating directory "C:\Programming\My_MxM_stuff\zlib-1.2.8\CMakeFiles\CMakeTmp\Debug\".
  Creating directory "cmTryCompileExec2789304792.dir\Debug\cmTryCom.4C0B108B.tlog\".
InitializeBuildStatus:
  Creating "cmTryCompileExec2789304792.dir\Debug\cmTryCom.4C0B108B.tlog\unsuccessfulbuild" because "AlwaysCreate" was specified.
ClCompile:
  C:\Program Files (x86)\Microsoft Visual Studio 12.0\VC\bin\CL.exe /c /Zi /W3 /WX- /Od /Ob0 /Oy- /D WIN32 /D _WINDOWS /D _DEBUG /D _LARGEFILE64_SOURCE=1 /D HAVE_SYS_TYPES_H /D HAVE_STDINT_H /D HAVE_STDDEF_H /D "CMAKE_INTDIR=\"Debug\"" /D _MBCS /Gm- /RTC1 /MDd /GS /fp:precise /Zc:wchar_t /Zc:forScope /Fo"cmTryCompileExec2789304792.dir\Debug\\" /Fd"C:/Programming/My_MxM_stuff/zlib-1.2.8/CMakeFiles/CMakeTmp/Debug/cmTryCompileExec2789304792.pdb" /Gd /TC /analyze- /errorReport:queue "C:\Programming\My_MxM_stuff\zlib-1.2.8\CMakeFiles\CheckTypeSize\OFF64_T.c"
  Microsoft (R) C/C++ Optimizing Compiler Version 18.00.20827.3 for x86
  Copyright (C) Microsoft Corporation.  All rights reserved.
  
  cl /c /Zi /W3 /WX- /Od /Ob0 /Oy- /D WIN32 /D _WINDOWS /D _DEBUG /D _LARGEFILE64_SOURCE=1 /D HAVE_SYS_TYPES_H /D HAVE_STDINT_H /D HAVE_STDDEF_H /D "CMAKE_INTDIR=\"Debug\"" /D _MBCS /Gm- /RTC1 /MDd /GS /fp:precise /Zc:wchar_t /Zc:forScope /Fo"cmTryCompileExec2789304792.dir\Debug\\" /Fd"C:/Programming/My_MxM_stuff/zlib-1.2.8/CMakeFiles/CMakeTmp/Debug/cmTryCompileExec2789304792.pdb" /Gd /TC /analyze- /errorReport:queue "C:\Programming\My_MxM_stuff\zlib-1.2.8\CMakeFiles\CheckTypeSize\OFF64_T.c"
  
  OFF64_T.c
C:\Programming\My_MxM_stuff\zlib-1.2.8\CMakeFiles\CheckTypeSize\OFF64_T.c(19): error C2065: 'off64_t' : undeclared identifier [C:\Programming\My_MxM_stuff\zlib-1.2.8\CMakeFiles\CMakeTmp\cmTryCompileExec2789304792.vcxproj]
C:\Programming\My_MxM_stuff\zlib-1.2.8\CMakeFiles\CheckTypeSize\OFF64_T.c(20): error C2065: 'off64_t' : undeclared identifier [C:\Programming\My_MxM_stuff\zlib-1.2.8\CMakeFiles\CMakeTmp\cmTryCompileExec2789304792.vcxproj]
C:\Programming\My_MxM_stuff\zlib-1.2.8\CMakeFiles\CheckTypeSize\OFF64_T.c(21): error C2065: 'off64_t' : undeclared identifier [C:\Programming\My_MxM_stuff\zlib-1.2.8\CMakeFiles\CMakeTmp\cmTryCompileExec2789304792.vcxproj]
C:\Programming\My_MxM_stuff\zlib-1.2.8\CMakeFiles\CheckTypeSize\OFF64_T.c(22): error C2065: 'off64_t' : undeclared identifier [C:\Programming\My_MxM_stuff\zlib-1.2.8\CMakeFiles\CMakeTmp\cmTryCompileExec2789304792.vcxproj]
C:\Programming\My_MxM_stuff\zlib-1.2.8\CMakeFiles\CheckTypeSize\OFF64_T.c(23): error C2065: 'off64_t' : undeclared identifier [C:\Programming\My_MxM_stuff\zlib-1.2.8\CMakeFiles\CMakeTmp\cmTryCompileExec2789304792.vcxproj]
Done Building Project "C:\Programming\My_MxM_stuff\zlib-1.2.8\CMakeFiles\CMakeTmp\cmTryCompileExec2789304792.vcxproj" (default targets) -- FAILED.

Build FAILED.

"C:\Programming\My_MxM_stuff\zlib-1.2.8\CMakeFiles\CMakeTmp\cmTryCompileExec2789304792.vcxproj" (default target) (1) ->
(ClCompile target) -> 
  C:\Programming\My_MxM_stuff\zlib-1.2.8\CMakeFiles\CheckTypeSize\OFF64_T.c(19): error C2065: 'off64_t' : undeclared identifier [C:\Programming\My_MxM_stuff\zlib-1.2.8\CMakeFiles\CMakeTmp\cmTryCompileExec2789304792.vcxproj]
  C:\Programming\My_MxM_stuff\zlib-1.2.8\CMakeFiles\CheckTypeSize\OFF64_T.c(20): error C2065: 'off64_t' : undeclared identifier [C:\Programming\My_MxM_stuff\zlib-1.2.8\CMakeFiles\CMakeTmp\cmTryCompileExec2789304792.vcxproj]
  C:\Programming\My_MxM_stuff\zlib-1.2.8\CMakeFiles\CheckTypeSize\OFF64_T.c(21): error C2065: 'off64_t' : undeclared identifier [C:\Programming\My_MxM_stuff\zlib-1.2.8\CMakeFiles\CMakeTmp\cmTryCompileExec2789304792.vcxproj]
  C:\Programming\My_MxM_stuff\zlib-1.2.8\CMakeFiles\CheckTypeSize\OFF64_T.c(22): error C2065: 'off64_t' : undeclared identifier [C:\Programming\My_MxM_stuff\zlib-1.2.8\CMakeFiles\CMakeTmp\cmTryCompileExec2789304792.vcxproj]
  C:\Programming\My_MxM_stuff\zlib-1.2.8\CMakeFiles\CheckTypeSize\OFF64_T.c(23): error C2065: 'off64_t' : undeclared identifier [C:\Programming\My_MxM_stuff\zlib-1.2.8\CMakeFiles\CMakeTmp\cmTryCompileExec2789304792.vcxproj]

    0 Warning(s)
    5 Error(s)

Time Elapsed 00:00:00.59

C:/Programming/My_MxM_stuff/zlib-1.2.8/CMakeFiles/CheckTypeSize/OFF64_T.c:
#include <sys/types.h>
#include <stdint.h>
#include <stddef.h>


#undef KEY
#if defined(__i386)
# define KEY '_','_','i','3','8','6'
#elif defined(__x86_64)
# define KEY '_','_','x','8','6','_','6','4'
#elif defined(__ppc__)
# define KEY '_','_','p','p','c','_','_'
#elif defined(__ppc64__)
# define KEY '_','_','p','p','c','6','4','_','_'
#endif

#define SIZE (sizeof(off64_t))
char info_size[] =  {'I', 'N', 'F', 'O', ':', 's','i','z','e','[',
  ('0' + ((SIZE / 10000)%10)),
  ('0' + ((SIZE / 1000)%10)),
  ('0' + ((SIZE / 100)%10)),
  ('0' + ((SIZE / 10)%10)),
  ('0' +  (SIZE    % 10)),
  ']',
#ifdef KEY
  ' ','k','e','y','[', KEY, ']',
#endif
  '\0'};

#ifdef __CLASSIC_C__
int main(argc, argv) int argc; char *argv[];
#else
int main(int argc, char *argv[])
#endif
{
  int require = 0;
  require += info_size[argc];
  (void)argv;
  return require;
}


Determining if the function fseeko exists failed with the following output:
Change Dir: C:/Programming/My_MxM_stuff/zlib-1.2.8/CMakeFiles/CMakeTmp

Run Build Command:C:\PROGRA~2\MSBuild\12.0\Bin\MSBuild.exe cmTryCompileExec2866597499.vcxproj /p:Configuration=Debug /p:VisualStudioVersion=12.0
Microsoft (R) Build Engine version 12.0.20827.3
[Microsoft .NET Framework, version 4.0.30319.33440]
Copyright (C) Microsoft Corporation. All rights reserved.

Build started 17/09/2013 09.56.03.
Project "C:\Programming\My_MxM_stuff\zlib-1.2.8\CMakeFiles\CMakeTmp\cmTryCompileExec2866597499.vcxproj" on node 1 (default targets).
PrepareForBuild:
  Creating directory "cmTryCompileExec2866597499.dir\Debug\".
  Creating directory "C:\Programming\My_MxM_stuff\zlib-1.2.8\CMakeFiles\CMakeTmp\Debug\".
  Creating directory "cmTryCompileExec2866597499.dir\Debug\cmTryCom.11DD26C0.tlog\".
InitializeBuildStatus:
  Creating "cmTryCompileExec2866597499.dir\Debug\cmTryCom.11DD26C0.tlog\unsuccessfulbuild" because "AlwaysCreate" was specified.
ClCompile:
  C:\Program Files (x86)\Microsoft Visual Studio 12.0\VC\bin\CL.exe /c /Zi /W3 /WX- /Od /Ob0 /Oy- /D WIN32 /D _WINDOWS /D CHECK_FUNCTION_EXISTS=fseeko /D _DEBUG /D "CMAKE_INTDIR=\"Debug\"" /D _MBCS /Gm- /RTC1 /MDd /GS /fp:precise /Zc:wchar_t /Zc:forScope /Fo"cmTryCompileExec2866597499.dir\Debug\\" /Fd"C:/Programming/My_MxM_stuff/zlib-1.2.8/CMakeFiles/CMakeTmp/Debug/cmTryCompileExec2866597499.pdb" /Gd /TC /analyze- /errorReport:queue "C:\Tools\cmake-2.8.11.2-win32-x86\share\cmake-2.8\Modules\CheckFunctionExists.c"
  Microsoft (R) C/C++ Optimizing Compiler Version 18.00.20827.3 for x86
  Copyright (C) Microsoft Corporation.  All rights reserved.
  
  cl /c /Zi /W3 /WX- /Od /Ob0 /Oy- /D WIN32 /D _WINDOWS /D CHECK_FUNCTION_EXISTS=fseeko /D _DEBUG /D "CMAKE_INTDIR=\"Debug\"" /D _MBCS /Gm- /RTC1 /MDd /GS /fp:precise /Zc:wchar_t /Zc:forScope /Fo"cmTryCompileExec2866597499.dir\Debug\\" /Fd"C:/Programming/My_MxM_stuff/zlib-1.2.8/CMakeFiles/CMakeTmp/Debug/cmTryCompileExec2866597499.pdb" /Gd /TC /analyze- /errorReport:queue "C:\Tools\cmake-2.8.11.2-win32-x86\share\cmake-2.8\Modules\CheckFunctionExists.c"
  
  CheckFunctionExists.c
Link:
  C:\Program Files (x86)\Microsoft Visual Studio 12.0\VC\bin\link.exe /ERRORREPORT:QUEUE /OUT:"C:\Programming\My_MxM_stuff\zlib-1.2.8\CMakeFiles\CMakeTmp\Debug\cmTryCompileExec2866597499.exe" /INCREMENTAL /NOLOGO kernel32.lib user32.lib gdi32.lib winspool.lib shell32.lib ole32.lib oleaut32.lib uuid.lib comdlg32.lib advapi32.lib /MANIFEST /MANIFESTUAC:"level='asInvoker' uiAccess='false'" /manifest:embed /DEBUG /PDB:"C:/Programming/My_MxM_stuff/zlib-1.2.8/CMakeFiles/CMakeTmp/Debug/cmTryCompileExec2866597499.pdb" /SUBSYSTEM:CONSOLE /TLBID:1 /DYNAMICBASE /NXCOMPAT /IMPLIB:"C:/Programming/My_MxM_stuff/zlib-1.2.8/CMakeFiles/CMakeTmp/Debug/cmTryCompileExec2866597499.lib" /MACHINE:X86 /SAFESEH  /machine:X86 /debug cmTryCompileExec2866597499.dir\Debug\CheckFunctionExists.obj
CheckFunctionExists.obj : error LNK2019: unresolved external symbol _fseeko referenced in function _main [C:\Programming\My_MxM_stuff\zlib-1.2.8\CMakeFiles\CMakeTmp\cmTryCompileExec2866597499.vcxproj]
C:\Programming\My_MxM_stuff\zlib-1.2.8\CMakeFiles\CMakeTmp\Debug\cmTryCompileExec2866597499.exe : fatal error LNK1120: 1 unresolved externals [C:\Programming\My_MxM_stuff\zlib-1.2.8\CMakeFiles\CMakeTmp\cmTryCompileExec2866597499.vcxproj]
Done Building Project "C:\Programming\My_MxM_stuff\zlib-1.2.8\CMakeFiles\CMakeTmp\cmTryCompileExec2866597499.vcxproj" (default targets) -- FAILED.

Build FAILED.

"C:\Programming\My_MxM_stuff\zlib-1.2.8\CMakeFiles\CMakeTmp\cmTryCompileExec2866597499.vcxproj" (default target) (1) ->
(Link target) -> 
  CheckFunctionExists.obj : error LNK2019: unresolved external symbol _fseeko referenced in function _main [C:\Programming\My_MxM_stuff\zlib-1.2.8\CMakeFiles\CMakeTmp\cmTryCompileExec2866597499.vcxproj]
  C:\Programming\My_MxM_stuff\zlib-1.2.8\CMakeFiles\CMakeTmp\Debug\cmTryCompileExec2866597499.exe : fatal error LNK1120: 1 unresolved externals [C:\Programming\My_MxM_stuff\zlib-1.2.8\CMakeFiles\CMakeTmp\cmTryCompileExec2866597499.vcxproj]

    0 Warning(s)
    2 Error(s)

Time Elapsed 00:00:00.66


Determining if the include file unistd.h exists failed with the following output:
Change Dir: C:/Programming/My_MxM_stuff/zlib-1.2.8/CMakeFiles/CMakeTmp

Run Build Command:C:\PROGRA~2\MSBuild\12.0\Bin\MSBuild.exe cmTryCompileExec1936774056.vcxproj /p:Configuration=Debug /p:VisualStudioVersion=12.0
Microsoft (R) Build Engine version 12.0.20827.3
[Microsoft .NET Framework, version 4.0.30319.33440]
Copyright (C) Microsoft Corporation. All rights reserved.

Build started 17/09/2013 09.56.04.
Project "C:\Programming\My_MxM_stuff\zlib-1.2.8\CMakeFiles\CMakeTmp\cmTryCompileExec1936774056.vcxproj" on node 1 (default targets).
PrepareForBuild:
  Creating directory "cmTryCompileExec1936774056.dir\Debug\".
  Creating directory "C:\Programming\My_MxM_stuff\zlib-1.2.8\CMakeFiles\CMakeTmp\Debug\".
  Creating directory "cmTryCompileExec1936774056.dir\Debug\cmTryCom.CC10620A.tlog\".
InitializeBuildStatus:
  Creating "cmTryCompileExec1936774056.dir\Debug\cmTryCom.CC10620A.tlog\unsuccessfulbuild" because "AlwaysCreate" was specified.
ClCompile:
  C:\Program Files (x86)\Microsoft Visual Studio 12.0\VC\bin\CL.exe /c /Zi /W3 /WX- /Od /Ob0 /Oy- /D WIN32 /D _WINDOWS /D _DEBUG /D "CMAKE_INTDIR=\"Debug\"" /D _MBCS /Gm- /RTC1 /MDd /GS /fp:precise /Zc:wchar_t /Zc:forScope /Fo"cmTryCompileExec1936774056.dir\Debug\\" /Fd"C:/Programming/My_MxM_stuff/zlib-1.2.8/CMakeFiles/CMakeTmp/Debug/cmTryCompileExec1936774056.pdb" /Gd /TC /analyze- /errorReport:queue CheckIncludeFile.c
  Microsoft (R) C/C++ Optimizing Compiler Version 18.00.20827.3 for x86
  Copyright (C) Microsoft Corporation.  All rights reserved.
  
  cl /c /Zi /W3 /WX- /Od /Ob0 /Oy- /D WIN32 /D _WINDOWS /D _DEBUG /D "CMAKE_INTDIR=\"Debug\"" /D _MBCS /Gm- /RTC1 /MDd /GS /fp:precise /Zc:wchar_t /Zc:forScope /Fo"cmTryCompileExec1936774056.dir\Debug\\" /Fd"C:/Programming/My_MxM_stuff/zlib-1.2.8/CMakeFiles/CMakeTmp/Debug/cmTryCompileExec1936774056.pdb" /Gd /TC /analyze- /errorReport:queue CheckIncludeFile.c
  
  CheckIncludeFile.c
CheckIncludeFile.c(1): fatal error C1083: Cannot open include file: 'unistd.h': No such file or directory [C:\Programming\My_MxM_stuff\zlib-1.2.8\CMakeFiles\CMakeTmp\cmTryCompileExec1936774056.vcxproj]
Done Building Project "C:\Programming\My_MxM_stuff\zlib-1.2.8\CMakeFiles\CMakeTmp\cmTryCompileExec1936774056.vcxproj" (default targets) -- FAILED.

Build FAILED.

"C:\Programming\My_MxM_stuff\zlib-1.2.8\CMakeFiles\CMakeTmp\cmTryCompileExec1936774056.vcxproj" (default target) (1) ->
(ClCompile target) -> 
  CheckIncludeFile.c(1): fatal error C1083: Cannot open include file: 'unistd.h': No such file or directory [C:\Programming\My_MxM_stuff\zlib-1.2.8\CMakeFiles\CMakeTmp\cmTryCompileExec1936774056.vcxproj]

    0 Warning(s)
    1 Error(s)

Time Elapsed 00:00:00.59


